Copyright 1986-2022 Xilinx, Inc. All Rights Reserved. Copyright 2022-2025 Advanced Micro Devices, Inc. All Rights Reserved.
------------------------------------------------------------------------------------------------------------------------------------------------------------------------------------------------------------------------------------
| Tool Version : Vivado v.2025.1 (win64) Build 6140274 Thu May 22 00:12:29 MDT 2025
| Date         : Sun Apr 12 17:22:26 2026
| Host         : DESKTOP-JH0OJSQ running 64-bit major release  (build 9200)
| Command      : report_timing_summary -max_paths 10 -routable_nets -report_unconstrained -file multiply_timing_summary_routed.rpt -pb multiply_timing_summary_routed.pb -rpx multiply_timing_summary_routed.rpx -warn_on_violation
| Design       : multiply
| Device       : 7a200t-fbg676
| Speed File   : -2  PRODUCTION 1.23 2018-06-13
| Design State : Routed
------------------------------------------------------------------------------------------------------------------------------------------------------------------------------------------------------------------------------------

Timing Summary Report

------------------------------------------------------------------------------------------------
| Timer Settings
| --------------
------------------------------------------------------------------------------------------------

  Enable Multi Corner Analysis               :  Yes
  Enable Pessimism Removal                   :  Yes
  Pessimism Removal Resolution               :  Nearest Common Node
  Enable Input Delay Default Clock           :  No
  Enable Preset / Clear Arcs                 :  No
  Disable Flight Delays                      :  No
  Ignore I/O Paths                           :  No
  Timing Early Launch at Borrowing Latches   :  No
  Borrow Time for Max Delay Exceptions       :  Yes
  Merge Timing Exceptions                    :  Yes
  Inter-SLR Compensation                     :  Conservative

  Corner  Analyze    Analyze    
  Name    Max Paths  Min Paths  
  ------  ---------  ---------  
  Slow    Yes        Yes        
  Fast    Yes        Yes        


------------------------------------------------------------------------------------------------
| Report Methodology
| ------------------
------------------------------------------------------------------------------------------------

Rule       Severity          Description                  Violations  
---------  ----------------  ---------------------------  ----------  
TIMING-17  Critical Warning  Non-clocked sequential cell  66          

Note: This report is based on the most recent report_methodology run and may not be up-to-date. Run report_methodology on the current design for the latest report.



check_timing report

Table of Contents
-----------------
1. checking no_clock (66)
2. checking constant_clock (0)
3. checking pulse_width_clock (0)
4. checking unconstrained_internal_endpoints (130)
5. checking no_input_delay (65)
6. checking no_output_delay (65)
7. checking multiple_clock (0)
8. checking generated_clocks (0)
9. checking loops (0)
10. checking partial_input_delay (0)
11. checking partial_output_delay (0)
12. checking latch_loops (0)

1. checking no_clock (66)
-------------------------
 There are 66 register/latch pins with no clock driven by root clock pin: clk (HIGH)


2. checking constant_clock (0)
------------------------------
 There are 0 register/latch pins with constant_clock.


3. checking pulse_width_clock (0)
---------------------------------
 There are 0 register/latch pins which need pulse_width check


4. checking unconstrained_internal_endpoints (130)
--------------------------------------------------
 There are 130 pins that are not constrained for maximum delay. (HIGH)

 There are 0 pins that are not constrained for maximum delay due to constant clock.


5. checking no_input_delay (65)
-------------------------------
 There are 65 input ports with no input delay specified. (HIGH)

 There are 0 input ports with no input delay but user has a false path constraint.


6. checking no_output_delay (65)
--------------------------------
 There are 65 ports with no output delay specified. (HIGH)

 There are 0 ports with no output delay but user has a false path constraint

 There are 0 ports with no output delay but with a timing clock defined on it or propagating through it


7. checking multiple_clock (0)
------------------------------
 There are 0 register/latch pins with multiple clocks.


8. checking generated_clocks (0)
--------------------------------
 There are 0 generated clocks that are not connected to a clock source.


9. checking loops (0)
---------------------
 There are 0 combinational loops in the design.


10. checking partial_input_delay (0)
------------------------------------
 There are 0 input ports with partial input delay specified.


11. checking partial_output_delay (0)
-------------------------------------
 There are 0 ports with partial output delay specified.


12. checking latch_loops (0)
----------------------------
 There are 0 combinational latch loops in the design through latch input



------------------------------------------------------------------------------------------------
| Design Timing Summary
| ---------------------
------------------------------------------------------------------------------------------------

    WNS(ns)      TNS(ns)  TNS Failing Endpoints  TNS Total Endpoints      WHS(ns)      THS(ns)  THS Failing Endpoints  THS Total Endpoints     WPWS(ns)     TPWS(ns)  TPWS Failing Endpoints  TPWS Total Endpoints  
    -------      -------  ---------------------  -------------------      -------      -------  ---------------------  -------------------     --------     --------  ----------------------  --------------------  
        inf        0.000                      0                  195          inf        0.000                      0                  195           NA           NA                      NA                    NA  


There are no user specified timing constraints.


------------------------------------------------------------------------------------------------
| Clock Summary
| -------------
------------------------------------------------------------------------------------------------


------------------------------------------------------------------------------------------------
| Intra Clock Table
| -----------------
------------------------------------------------------------------------------------------------

Clock             WNS(ns)      TNS(ns)  TNS Failing Endpoints  TNS Total Endpoints      WHS(ns)      THS(ns)  THS Failing Endpoints  THS Total Endpoints     WPWS(ns)     TPWS(ns)  TPWS Failing Endpoints  TPWS Total Endpoints  
-----             -------      -------  ---------------------  -------------------      -------      -------  ---------------------  -------------------     --------     --------  ----------------------  --------------------  


------------------------------------------------------------------------------------------------
| Inter Clock Table
| -----------------
------------------------------------------------------------------------------------------------

From Clock    To Clock          WNS(ns)      TNS(ns)  TNS Failing Endpoints  TNS Total Endpoints      WHS(ns)      THS(ns)  THS Failing Endpoints  THS Total Endpoints  
----------    --------          -------      -------  ---------------------  -------------------      -------      -------  ---------------------  -------------------  


------------------------------------------------------------------------------------------------
| Other Path Groups Table
| -----------------------
------------------------------------------------------------------------------------------------

Path Group    From Clock    To Clock          WNS(ns)      TNS(ns)  TNS Failing Endpoints  TNS Total Endpoints      WHS(ns)      THS(ns)  THS Failing Endpoints  THS Total Endpoints  
----------    ----------    --------          -------      -------  ---------------------  -------------------      -------      -------  ---------------------  -------------------  


------------------------------------------------------------------------------------------------
| User Ignored Path Table
| -----------------------
------------------------------------------------------------------------------------------------

Path Group    From Clock    To Clock    
----------    ----------    --------    


------------------------------------------------------------------------------------------------
| Unconstrained Path Table
| ------------------------
------------------------------------------------------------------------------------------------

Path Group    From Clock    To Clock    
----------    ----------    --------    
(none)                                    


------------------------------------------------------------------------------------------------
| Timing Details
| --------------
------------------------------------------------------------------------------------------------


--------------------------------------------------------------------------------------
Path Group:  (none)
From Clock:  
  To Clock:  

Max Delay           195 Endpoints
Min Delay           195 Endpoints
--------------------------------------------------------------------------------------


Max Delay Paths
--------------------------------------------------------------------------------------
Slack:                    inf
  Source:                 mult_op1[3]
                            (input port)
  Destination:            product_r_reg[62]/D
  Path Group:             (none)
  Path Type:              Max at Slow Process Corner
  Data Path Delay:        18.543ns  (logic 4.793ns (25.851%)  route 13.749ns (74.149%))
  Logic Levels:           23  (CARRY4=13 IBUF=1 LUT1=1 LUT2=1 LUT3=2 LUT4=1 LUT5=2 LUT6=2)

    Location             Delay type                Incr(ns)  Path(ns)    Netlist Resource(s)
  -------------------------------------------------------------------    -------------------
    J26                                               0.000     0.000 f  mult_op1[3] (IN)
                         net (fo=0)                   0.000     0.000    mult_op1[3]
    J26                  IBUF (Prop_ibuf_I_O)         0.923     0.923 f  mult_op1_IBUF[3]_inst/O
                         net (fo=47, routed)          3.957     4.880    u_final_adder_68/mult_op1_IBUF[3]
    SLICE_X10Y132        LUT1 (Prop_lut1_I0_O)        0.105     4.985 r  u_final_adder_68/product_r[3]_i_7/O
                         net (fo=1, routed)           0.000     4.985    u_final_adder_68/product_r[3]_i_7_n_0
    SLICE_X10Y132        CARRY4 (Prop_carry4_S[2]_CO[3])
                                                      0.316     5.301 r  u_final_adder_68/product_r_reg[3]_i_2/CO[3]
                         net (fo=1, routed)           0.000     5.301    u_final_adder_68/product_r_reg[3]_i_2_n_0
    SLICE_X10Y133        CARRY4 (Prop_carry4_CI_O[0])
                                                      0.178     5.479 r  u_final_adder_68/product_r_reg[44]_i_60/O[0]
                         net (fo=48, routed)          4.191     9.670    u_final_adder_68/product_r_reg[44]_i_60_n_7
    SLICE_X21Y127        LUT4 (Prop_lut4_I3_O)        0.238     9.908 r  u_final_adder_68/product_r[24]_i_188/O
                         net (fo=2, routed)           0.498    10.406    u_final_adder_68/partial_products[833]
    SLICE_X22Y127        LUT6 (Prop_lut6_I4_O)        0.105    10.511 r  u_final_adder_68/product_r[24]_i_110/O
                         net (fo=3, routed)           0.852    11.363    u_final_adder_68/u_wallace_tree_32/STAGE2[3].a[18]
    SLICE_X21Y128        LUT3 (Prop_lut3_I1_O)        0.115    11.478 r  u_final_adder_68/product_r[24]_i_49/O
                         net (fo=2, routed)           0.638    12.115    u_final_adder_68/u_wallace_tree_32/STAGE3[2].b[19]
    SLICE_X20Y130        LUT3 (Prop_lut3_I0_O)        0.288    12.403 r  u_final_adder_68/product_r[24]_i_61/O
                         net (fo=2, routed)           0.682    13.085    u_final_adder_68/u_wallace_tree_32/csa318_return0[19]
    SLICE_X20Y128        LUT5 (Prop_lut5_I3_O)        0.296    13.381 r  u_final_adder_68/product_r[24]_i_72/O
                         net (fo=2, routed)           0.910    14.292    u_final_adder_68/u_wallace_tree_32/csa322_return0[19]
    SLICE_X19Y131        LUT5 (Prop_lut5_I4_O)        0.274    14.566 r  u_final_adder_68/product_r[24]_i_31/O
                         net (fo=6, routed)           0.811    15.377    u_final_adder_68/u_wallace_tree_32/csa324_return0[19]
    SLICE_X17Y132        LUT6 (Prop_lut6_I4_O)        0.267    15.644 r  u_final_adder_68/product_r[24]_i_15/O
                         net (fo=1, routed)           0.724    16.368    u_final_adder_68/u_wallace_tree_32/b[21]
    SLICE_X16Y132        LUT2 (Prop_lut2_I0_O)        0.105    16.473 r  u_final_adder_68/product_r[24]_i_5/O
                         net (fo=1, routed)           0.486    16.960    u_final_adder_68/wallace_sum[21]
    SLICE_X15Y132        CARRY4 (Prop_carry4_DI[0]_CO[3])
                                                      0.436    17.396 r  u_final_adder_68/product_r_reg[24]_i_1/CO[3]
                         net (fo=1, routed)           0.000    17.396    u_final_adder_68/product_r_reg[24]_i_1_n_0
    SLICE_X15Y133        CARRY4 (Prop_carry4_CI_CO[3])
                                                      0.098    17.494 r  u_final_adder_68/product_r_reg[28]_i_1/CO[3]
                         net (fo=1, routed)           0.000    17.494    u_final_adder_68/product_r_reg[28]_i_1_n_0
    SLICE_X15Y134        CARRY4 (Prop_carry4_CI_CO[3])
                                                      0.098    17.592 r  u_final_adder_68/product_r_reg[32]_i_1/CO[3]
                         net (fo=1, routed)           0.000    17.592    u_final_adder_68/product_r_reg[32]_i_1_n_0
    SLICE_X15Y135        CARRY4 (Prop_carry4_CI_CO[3])
                                                      0.098    17.690 r  u_final_adder_68/product_r_reg[36]_i_1/CO[3]
                         net (fo=1, routed)           0.000    17.690    u_final_adder_68/product_r_reg[36]_i_1_n_0
    SLICE_X15Y136        CARRY4 (Prop_carry4_CI_CO[3])
                                                      0.098    17.788 r  u_final_adder_68/product_r_reg[40]_i_1/CO[3]
                         net (fo=1, routed)           0.000    17.788    u_final_adder_68/product_r_reg[40]_i_1_n_0
    SLICE_X15Y137        CARRY4 (Prop_carry4_CI_CO[3])
                                                      0.098    17.886 r  u_final_adder_68/product_r_reg[44]_i_1/CO[3]
                         net (fo=1, routed)           0.000    17.886    u_final_adder_68/product_r_reg[44]_i_1_n_0
    SLICE_X15Y138        CARRY4 (Prop_carry4_CI_CO[3])
                                                      0.098    17.984 r  u_final_adder_68/product_r_reg[48]_i_1/CO[3]
                         net (fo=1, routed)           0.000    17.984    u_final_adder_68/product_r_reg[48]_i_1_n_0
    SLICE_X15Y139        CARRY4 (Prop_carry4_CI_CO[3])
                                                      0.098    18.082 r  u_final_adder_68/product_r_reg[52]_i_1/CO[3]
                         net (fo=1, routed)           0.000    18.082    u_final_adder_68/product_r_reg[52]_i_1_n_0
    SLICE_X15Y140        CARRY4 (Prop_carry4_CI_CO[3])
                                                      0.098    18.180 r  u_final_adder_68/product_r_reg[56]_i_1/CO[3]
                         net (fo=1, routed)           0.000    18.180    u_final_adder_68/product_r_reg[56]_i_1_n_0
    SLICE_X15Y141        CARRY4 (Prop_carry4_CI_CO[3])
                                                      0.098    18.278 r  u_final_adder_68/product_r_reg[60]_i_1/CO[3]
                         net (fo=1, routed)           0.000    18.278    u_final_adder_68/product_r_reg[60]_i_1_n_0
    SLICE_X15Y142        CARRY4 (Prop_carry4_CI_O[1])
                                                      0.265    18.543 r  u_final_adder_68/product_r_reg[63]_i_2/O[1]
                         net (fo=1, routed)           0.000    18.543    product_comb[62]
    SLICE_X15Y142        FDRE                                         r  product_r_reg[62]/D
  -------------------------------------------------------------------    -------------------

Slack:                    inf
  Source:                 mult_op1[3]
                            (input port)
  Destination:            product_r_reg[63]/D
  Path Group:             (none)
  Path Type:              Max at Slow Process Corner
  Data Path Delay:        18.478ns  (logic 4.728ns (25.590%)  route 13.749ns (74.410%))
  Logic Levels:           23  (CARRY4=13 IBUF=1 LUT1=1 LUT2=1 LUT3=2 LUT4=1 LUT5=2 LUT6=2)

    Location             Delay type                Incr(ns)  Path(ns)    Netlist Resource(s)
  -------------------------------------------------------------------    -------------------
    J26                                               0.000     0.000 f  mult_op1[3] (IN)
                         net (fo=0)                   0.000     0.000    mult_op1[3]
    J26                  IBUF (Prop_ibuf_I_O)         0.923     0.923 f  mult_op1_IBUF[3]_inst/O
                         net (fo=47, routed)          3.957     4.880    u_final_adder_68/mult_op1_IBUF[3]
    SLICE_X10Y132        LUT1 (Prop_lut1_I0_O)        0.105     4.985 r  u_final_adder_68/product_r[3]_i_7/O
                         net (fo=1, routed)           0.000     4.985    u_final_adder_68/product_r[3]_i_7_n_0
    SLICE_X10Y132        CARRY4 (Prop_carry4_S[2]_CO[3])
                                                      0.316     5.301 r  u_final_adder_68/product_r_reg[3]_i_2/CO[3]
                         net (fo=1, routed)           0.000     5.301    u_final_adder_68/product_r_reg[3]_i_2_n_0
    SLICE_X10Y133        CARRY4 (Prop_carry4_CI_O[0])
                                                      0.178     5.479 r  u_final_adder_68/product_r_reg[44]_i_60/O[0]
                         net (fo=48, routed)          4.191     9.670    u_final_adder_68/product_r_reg[44]_i_60_n_7
    SLICE_X21Y127        LUT4 (Prop_lut4_I3_O)        0.238     9.908 r  u_final_adder_68/product_r[24]_i_188/O
                         net (fo=2, routed)           0.498    10.406    u_final_adder_68/partial_products[833]
    SLICE_X22Y127        LUT6 (Prop_lut6_I4_O)        0.105    10.511 r  u_final_adder_68/product_r[24]_i_110/O
                         net (fo=3, routed)           0.852    11.363    u_final_adder_68/u_wallace_tree_32/STAGE2[3].a[18]
    SLICE_X21Y128        LUT3 (Prop_lut3_I1_O)        0.115    11.478 r  u_final_adder_68/product_r[24]_i_49/O
                         net (fo=2, routed)           0.638    12.115    u_final_adder_68/u_wallace_tree_32/STAGE3[2].b[19]
    SLICE_X20Y130        LUT3 (Prop_lut3_I0_O)        0.288    12.403 r  u_final_adder_68/product_r[24]_i_61/O
                         net (fo=2, routed)           0.682    13.085    u_final_adder_68/u_wallace_tree_32/csa318_return0[19]
    SLICE_X20Y128        LUT5 (Prop_lut5_I3_O)        0.296    13.381 r  u_final_adder_68/product_r[24]_i_72/O
                         net (fo=2, routed)           0.910    14.292    u_final_adder_68/u_wallace_tree_32/csa322_return0[19]
    SLICE_X19Y131        LUT5 (Prop_lut5_I4_O)        0.274    14.566 r  u_final_adder_68/product_r[24]_i_31/O
                         net (fo=6, routed)           0.811    15.377    u_final_adder_68/u_wallace_tree_32/csa324_return0[19]
    SLICE_X17Y132        LUT6 (Prop_lut6_I4_O)        0.267    15.644 r  u_final_adder_68/product_r[24]_i_15/O
                         net (fo=1, routed)           0.724    16.368    u_final_adder_68/u_wallace_tree_32/b[21]
    SLICE_X16Y132        LUT2 (Prop_lut2_I0_O)        0.105    16.473 r  u_final_adder_68/product_r[24]_i_5/O
                         net (fo=1, routed)           0.486    16.960    u_final_adder_68/wallace_sum[21]
    SLICE_X15Y132        CARRY4 (Prop_carry4_DI[0]_CO[3])
                                                      0.436    17.396 r  u_final_adder_68/product_r_reg[24]_i_1/CO[3]
                         net (fo=1, routed)           0.000    17.396    u_final_adder_68/product_r_reg[24]_i_1_n_0
    SLICE_X15Y133        CARRY4 (Prop_carry4_CI_CO[3])
                                                      0.098    17.494 r  u_final_adder_68/product_r_reg[28]_i_1/CO[3]
                         net (fo=1, routed)           0.000    17.494    u_final_adder_68/product_r_reg[28]_i_1_n_0
    SLICE_X15Y134        CARRY4 (Prop_carry4_CI_CO[3])
                                                      0.098    17.592 r  u_final_adder_68/product_r_reg[32]_i_1/CO[3]
                         net (fo=1, routed)           0.000    17.592    u_final_adder_68/product_r_reg[32]_i_1_n_0
    SLICE_X15Y135        CARRY4 (Prop_carry4_CI_CO[3])
                                                      0.098    17.690 r  u_final_adder_68/product_r_reg[36]_i_1/CO[3]
                         net (fo=1, routed)           0.000    17.690    u_final_adder_68/product_r_reg[36]_i_1_n_0
    SLICE_X15Y136        CARRY4 (Prop_carry4_CI_CO[3])
                                                      0.098    17.788 r  u_final_adder_68/product_r_reg[40]_i_1/CO[3]
                         net (fo=1, routed)           0.000    17.788    u_final_adder_68/product_r_reg[40]_i_1_n_0
    SLICE_X15Y137        CARRY4 (Prop_carry4_CI_CO[3])
                                                      0.098    17.886 r  u_final_adder_68/product_r_reg[44]_i_1/CO[3]
                         net (fo=1, routed)           0.000    17.886    u_final_adder_68/product_r_reg[44]_i_1_n_0
    SLICE_X15Y138        CARRY4 (Prop_carry4_CI_CO[3])
                                                      0.098    17.984 r  u_final_adder_68/product_r_reg[48]_i_1/CO[3]
                         net (fo=1, routed)           0.000    17.984    u_final_adder_68/product_r_reg[48]_i_1_n_0
    SLICE_X15Y139        CARRY4 (Prop_carry4_CI_CO[3])
                                                      0.098    18.082 r  u_final_adder_68/product_r_reg[52]_i_1/CO[3]
                         net (fo=1, routed)           0.000    18.082    u_final_adder_68/product_r_reg[52]_i_1_n_0
    SLICE_X15Y140        CARRY4 (Prop_carry4_CI_CO[3])
                                                      0.098    18.180 r  u_final_adder_68/product_r_reg[56]_i_1/CO[3]
                         net (fo=1, routed)           0.000    18.180    u_final_adder_68/product_r_reg[56]_i_1_n_0
    SLICE_X15Y141        CARRY4 (Prop_carry4_CI_CO[3])
                                                      0.098    18.278 r  u_final_adder_68/product_r_reg[60]_i_1/CO[3]
                         net (fo=1, routed)           0.000    18.278    u_final_adder_68/product_r_reg[60]_i_1_n_0
    SLICE_X15Y142        CARRY4 (Prop_carry4_CI_O[2])
                                                      0.200    18.478 r  u_final_adder_68/product_r_reg[63]_i_2/O[2]
                         net (fo=1, routed)           0.000    18.478    product_comb[63]
    SLICE_X15Y142        FDRE                                         r  product_r_reg[63]/D
  -------------------------------------------------------------------    -------------------

Slack:                    inf
  Source:                 mult_op1[3]
                            (input port)
  Destination:            product_r_reg[61]/D
  Path Group:             (none)
  Path Type:              Max at Slow Process Corner
  Data Path Delay:        18.459ns  (logic 4.709ns (25.514%)  route 13.749ns (74.486%))
  Logic Levels:           23  (CARRY4=13 IBUF=1 LUT1=1 LUT2=1 LUT3=2 LUT4=1 LUT5=2 LUT6=2)

    Location             Delay type                Incr(ns)  Path(ns)    Netlist Resource(s)
  -------------------------------------------------------------------    -------------------
    J26                                               0.000     0.000 f  mult_op1[3] (IN)
                         net (fo=0)                   0.000     0.000    mult_op1[3]
    J26                  IBUF (Prop_ibuf_I_O)         0.923     0.923 f  mult_op1_IBUF[3]_inst/O
                         net (fo=47, routed)          3.957     4.880    u_final_adder_68/mult_op1_IBUF[3]
    SLICE_X10Y132        LUT1 (Prop_lut1_I0_O)        0.105     4.985 r  u_final_adder_68/product_r[3]_i_7/O
                         net (fo=1, routed)           0.000     4.985    u_final_adder_68/product_r[3]_i_7_n_0
    SLICE_X10Y132        CARRY4 (Prop_carry4_S[2]_CO[3])
                                                      0.316     5.301 r  u_final_adder_68/product_r_reg[3]_i_2/CO[3]
                         net (fo=1, routed)           0.000     5.301    u_final_adder_68/product_r_reg[3]_i_2_n_0
    SLICE_X10Y133        CARRY4 (Prop_carry4_CI_O[0])
                                                      0.178     5.479 r  u_final_adder_68/product_r_reg[44]_i_60/O[0]
                         net (fo=48, routed)          4.191     9.670    u_final_adder_68/product_r_reg[44]_i_60_n_7
    SLICE_X21Y127        LUT4 (Prop_lut4_I3_O)        0.238     9.908 r  u_final_adder_68/product_r[24]_i_188/O
                         net (fo=2, routed)           0.498    10.406    u_final_adder_68/partial_products[833]
    SLICE_X22Y127        LUT6 (Prop_lut6_I4_O)        0.105    10.511 r  u_final_adder_68/product_r[24]_i_110/O
                         net (fo=3, routed)           0.852    11.363    u_final_adder_68/u_wallace_tree_32/STAGE2[3].a[18]
    SLICE_X21Y128        LUT3 (Prop_lut3_I1_O)        0.115    11.478 r  u_final_adder_68/product_r[24]_i_49/O
                         net (fo=2, routed)           0.638    12.115    u_final_adder_68/u_wallace_tree_32/STAGE3[2].b[19]
    SLICE_X20Y130        LUT3 (Prop_lut3_I0_O)        0.288    12.403 r  u_final_adder_68/product_r[24]_i_61/O
                         net (fo=2, routed)           0.682    13.085    u_final_adder_68/u_wallace_tree_32/csa318_return0[19]
    SLICE_X20Y128        LUT5 (Prop_lut5_I3_O)        0.296    13.381 r  u_final_adder_68/product_r[24]_i_72/O
                         net (fo=2, routed)           0.910    14.292    u_final_adder_68/u_wallace_tree_32/csa322_return0[19]
    SLICE_X19Y131        LUT5 (Prop_lut5_I4_O)        0.274    14.566 r  u_final_adder_68/product_r[24]_i_31/O
                         net (fo=6, routed)           0.811    15.377    u_final_adder_68/u_wallace_tree_32/csa324_return0[19]
    SLICE_X17Y132        LUT6 (Prop_lut6_I4_O)        0.267    15.644 r  u_final_adder_68/product_r[24]_i_15/O
                         net (fo=1, routed)           0.724    16.368    u_final_adder_68/u_wallace_tree_32/b[21]
    SLICE_X16Y132        LUT2 (Prop_lut2_I0_O)        0.105    16.473 r  u_final_adder_68/product_r[24]_i_5/O
                         net (fo=1, routed)           0.486    16.960    u_final_adder_68/wallace_sum[21]
    SLICE_X15Y132        CARRY4 (Prop_carry4_DI[0]_CO[3])
                                                      0.436    17.396 r  u_final_adder_68/product_r_reg[24]_i_1/CO[3]
                         net (fo=1, routed)           0.000    17.396    u_final_adder_68/product_r_reg[24]_i_1_n_0
    SLICE_X15Y133        CARRY4 (Prop_carry4_CI_CO[3])
                                                      0.098    17.494 r  u_final_adder_68/product_r_reg[28]_i_1/CO[3]
                         net (fo=1, routed)           0.000    17.494    u_final_adder_68/product_r_reg[28]_i_1_n_0
    SLICE_X15Y134        CARRY4 (Prop_carry4_CI_CO[3])
                                                      0.098    17.592 r  u_final_adder_68/product_r_reg[32]_i_1/CO[3]
                         net (fo=1, routed)           0.000    17.592    u_final_adder_68/product_r_reg[32]_i_1_n_0
    SLICE_X15Y135        CARRY4 (Prop_carry4_CI_CO[3])
                                                      0.098    17.690 r  u_final_adder_68/product_r_reg[36]_i_1/CO[3]
                         net (fo=1, routed)           0.000    17.690    u_final_adder_68/product_r_reg[36]_i_1_n_0
    SLICE_X15Y136        CARRY4 (Prop_carry4_CI_CO[3])
                                                      0.098    17.788 r  u_final_adder_68/product_r_reg[40]_i_1/CO[3]
                         net (fo=1, routed)           0.000    17.788    u_final_adder_68/product_r_reg[40]_i_1_n_0
    SLICE_X15Y137        CARRY4 (Prop_carry4_CI_CO[3])
                                                      0.098    17.886 r  u_final_adder_68/product_r_reg[44]_i_1/CO[3]
                         net (fo=1, routed)           0.000    17.886    u_final_adder_68/product_r_reg[44]_i_1_n_0
    SLICE_X15Y138        CARRY4 (Prop_carry4_CI_CO[3])
                                                      0.098    17.984 r  u_final_adder_68/product_r_reg[48]_i_1/CO[3]
                         net (fo=1, routed)           0.000    17.984    u_final_adder_68/product_r_reg[48]_i_1_n_0
    SLICE_X15Y139        CARRY4 (Prop_carry4_CI_CO[3])
                                                      0.098    18.082 r  u_final_adder_68/product_r_reg[52]_i_1/CO[3]
                         net (fo=1, routed)           0.000    18.082    u_final_adder_68/product_r_reg[52]_i_1_n_0
    SLICE_X15Y140        CARRY4 (Prop_carry4_CI_CO[3])
                                                      0.098    18.180 r  u_final_adder_68/product_r_reg[56]_i_1/CO[3]
                         net (fo=1, routed)           0.000    18.180    u_final_adder_68/product_r_reg[56]_i_1_n_0
    SLICE_X15Y141        CARRY4 (Prop_carry4_CI_CO[3])
                                                      0.098    18.278 r  u_final_adder_68/product_r_reg[60]_i_1/CO[3]
                         net (fo=1, routed)           0.000    18.278    u_final_adder_68/product_r_reg[60]_i_1_n_0
    SLICE_X15Y142        CARRY4 (Prop_carry4_CI_O[0])
                                                      0.181    18.459 r  u_final_adder_68/product_r_reg[63]_i_2/O[0]
                         net (fo=1, routed)           0.000    18.459    product_comb[61]
    SLICE_X15Y142        FDRE                                         r  product_r_reg[61]/D
  -------------------------------------------------------------------    -------------------

Slack:                    inf
  Source:                 mult_op1[3]
                            (input port)
  Destination:            product_r_reg[58]/D
  Path Group:             (none)
  Path Type:              Max at Slow Process Corner
  Data Path Delay:        18.445ns  (logic 4.695ns (25.457%)  route 13.749ns (74.543%))
  Logic Levels:           22  (CARRY4=12 IBUF=1 LUT1=1 LUT2=1 LUT3=2 LUT4=1 LUT5=2 LUT6=2)

    Location             Delay type                Incr(ns)  Path(ns)    Netlist Resource(s)
  -------------------------------------------------------------------    -------------------
    J26                                               0.000     0.000 f  mult_op1[3] (IN)
                         net (fo=0)                   0.000     0.000    mult_op1[3]
    J26                  IBUF (Prop_ibuf_I_O)         0.923     0.923 f  mult_op1_IBUF[3]_inst/O
                         net (fo=47, routed)          3.957     4.880    u_final_adder_68/mult_op1_IBUF[3]
    SLICE_X10Y132        LUT1 (Prop_lut1_I0_O)        0.105     4.985 r  u_final_adder_68/product_r[3]_i_7/O
                         net (fo=1, routed)           0.000     4.985    u_final_adder_68/product_r[3]_i_7_n_0
    SLICE_X10Y132        CARRY4 (Prop_carry4_S[2]_CO[3])
                                                      0.316     5.301 r  u_final_adder_68/product_r_reg[3]_i_2/CO[3]
                         net (fo=1, routed)           0.000     5.301    u_final_adder_68/product_r_reg[3]_i_2_n_0
    SLICE_X10Y133        CARRY4 (Prop_carry4_CI_O[0])
                                                      0.178     5.479 r  u_final_adder_68/product_r_reg[44]_i_60/O[0]
                         net (fo=48, routed)          4.191     9.670    u_final_adder_68/product_r_reg[44]_i_60_n_7
    SLICE_X21Y127        LUT4 (Prop_lut4_I3_O)        0.238     9.908 r  u_final_adder_68/product_r[24]_i_188/O
                         net (fo=2, routed)           0.498    10.406    u_final_adder_68/partial_products[833]
    SLICE_X22Y127        LUT6 (Prop_lut6_I4_O)        0.105    10.511 r  u_final_adder_68/product_r[24]_i_110/O
                         net (fo=3, routed)           0.852    11.363    u_final_adder_68/u_wallace_tree_32/STAGE2[3].a[18]
    SLICE_X21Y128        LUT3 (Prop_lut3_I1_O)        0.115    11.478 r  u_final_adder_68/product_r[24]_i_49/O
                         net (fo=2, routed)           0.638    12.115    u_final_adder_68/u_wallace_tree_32/STAGE3[2].b[19]
    SLICE_X20Y130        LUT3 (Prop_lut3_I0_O)        0.288    12.403 r  u_final_adder_68/product_r[24]_i_61/O
                         net (fo=2, routed)           0.682    13.085    u_final_adder_68/u_wallace_tree_32/csa318_return0[19]
    SLICE_X20Y128        LUT5 (Prop_lut5_I3_O)        0.296    13.381 r  u_final_adder_68/product_r[24]_i_72/O
                         net (fo=2, routed)           0.910    14.292    u_final_adder_68/u_wallace_tree_32/csa322_return0[19]
    SLICE_X19Y131        LUT5 (Prop_lut5_I4_O)        0.274    14.566 r  u_final_adder_68/product_r[24]_i_31/O
                         net (fo=6, routed)           0.811    15.377    u_final_adder_68/u_wallace_tree_32/csa324_return0[19]
    SLICE_X17Y132        LUT6 (Prop_lut6_I4_O)        0.267    15.644 r  u_final_adder_68/product_r[24]_i_15/O
                         net (fo=1, routed)           0.724    16.368    u_final_adder_68/u_wallace_tree_32/b[21]
    SLICE_X16Y132        LUT2 (Prop_lut2_I0_O)        0.105    16.473 r  u_final_adder_68/product_r[24]_i_5/O
                         net (fo=1, routed)           0.486    16.960    u_final_adder_68/wallace_sum[21]
    SLICE_X15Y132        CARRY4 (Prop_carry4_DI[0]_CO[3])
                                                      0.436    17.396 r  u_final_adder_68/product_r_reg[24]_i_1/CO[3]
                         net (fo=1, routed)           0.000    17.396    u_final_adder_68/product_r_reg[24]_i_1_n_0
    SLICE_X15Y133        CARRY4 (Prop_carry4_CI_CO[3])
                                                      0.098    17.494 r  u_final_adder_68/product_r_reg[28]_i_1/CO[3]
                         net (fo=1, routed)           0.000    17.494    u_final_adder_68/product_r_reg[28]_i_1_n_0
    SLICE_X15Y134        CARRY4 (Prop_carry4_CI_CO[3])
                                                      0.098    17.592 r  u_final_adder_68/product_r_reg[32]_i_1/CO[3]
                         net (fo=1, routed)           0.000    17.592    u_final_adder_68/product_r_reg[32]_i_1_n_0
    SLICE_X15Y135        CARRY4 (Prop_carry4_CI_CO[3])
                                                      0.098    17.690 r  u_final_adder_68/product_r_reg[36]_i_1/CO[3]
                         net (fo=1, routed)           0.000    17.690    u_final_adder_68/product_r_reg[36]_i_1_n_0
    SLICE_X15Y136        CARRY4 (Prop_carry4_CI_CO[3])
                                                      0.098    17.788 r  u_final_adder_68/product_r_reg[40]_i_1/CO[3]
                         net (fo=1, routed)           0.000    17.788    u_final_adder_68/product_r_reg[40]_i_1_n_0
    SLICE_X15Y137        CARRY4 (Prop_carry4_CI_CO[3])
                                                      0.098    17.886 r  u_final_adder_68/product_r_reg[44]_i_1/CO[3]
                         net (fo=1, routed)           0.000    17.886    u_final_adder_68/product_r_reg[44]_i_1_n_0
    SLICE_X15Y138        CARRY4 (Prop_carry4_CI_CO[3])
                                                      0.098    17.984 r  u_final_adder_68/product_r_reg[48]_i_1/CO[3]
                         net (fo=1, routed)           0.000    17.984    u_final_adder_68/product_r_reg[48]_i_1_n_0
    SLICE_X15Y139        CARRY4 (Prop_carry4_CI_CO[3])
                                                      0.098    18.082 r  u_final_adder_68/product_r_reg[52]_i_1/CO[3]
                         net (fo=1, routed)           0.000    18.082    u_final_adder_68/product_r_reg[52]_i_1_n_0
    SLICE_X15Y140        CARRY4 (Prop_carry4_CI_CO[3])
                                                      0.098    18.180 r  u_final_adder_68/product_r_reg[56]_i_1/CO[3]
                         net (fo=1, routed)           0.000    18.180    u_final_adder_68/product_r_reg[56]_i_1_n_0
    SLICE_X15Y141        CARRY4 (Prop_carry4_CI_O[1])
                                                      0.265    18.445 r  u_final_adder_68/product_r_reg[60]_i_1/O[1]
                         net (fo=1, routed)           0.000    18.445    product_comb[58]
    SLICE_X15Y141        FDRE                                         r  product_r_reg[58]/D
  -------------------------------------------------------------------    -------------------

Slack:                    inf
  Source:                 mult_op1[3]
                            (input port)
  Destination:            product_r_reg[60]/D
  Path Group:             (none)
  Path Type:              Max at Slow Process Corner
  Data Path Delay:        18.440ns  (logic 4.690ns (25.437%)  route 13.749ns (74.563%))
  Logic Levels:           22  (CARRY4=12 IBUF=1 LUT1=1 LUT2=1 LUT3=2 LUT4=1 LUT5=2 LUT6=2)

    Location             Delay type                Incr(ns)  Path(ns)    Netlist Resource(s)
  -------------------------------------------------------------------    -------------------
    J26                                               0.000     0.000 f  mult_op1[3] (IN)
                         net (fo=0)                   0.000     0.000    mult_op1[3]
    J26                  IBUF (Prop_ibuf_I_O)         0.923     0.923 f  mult_op1_IBUF[3]_inst/O
                         net (fo=47, routed)          3.957     4.880    u_final_adder_68/mult_op1_IBUF[3]
    SLICE_X10Y132        LUT1 (Prop_lut1_I0_O)        0.105     4.985 r  u_final_adder_68/product_r[3]_i_7/O
                         net (fo=1, routed)           0.000     4.985    u_final_adder_68/product_r[3]_i_7_n_0
    SLICE_X10Y132        CARRY4 (Prop_carry4_S[2]_CO[3])
                                                      0.316     5.301 r  u_final_adder_68/product_r_reg[3]_i_2/CO[3]
                         net (fo=1, routed)           0.000     5.301    u_final_adder_68/product_r_reg[3]_i_2_n_0
    SLICE_X10Y133        CARRY4 (Prop_carry4_CI_O[0])
                                                      0.178     5.479 r  u_final_adder_68/product_r_reg[44]_i_60/O[0]
                         net (fo=48, routed)          4.191     9.670    u_final_adder_68/product_r_reg[44]_i_60_n_7
    SLICE_X21Y127        LUT4 (Prop_lut4_I3_O)        0.238     9.908 r  u_final_adder_68/product_r[24]_i_188/O
                         net (fo=2, routed)           0.498    10.406    u_final_adder_68/partial_products[833]
    SLICE_X22Y127        LUT6 (Prop_lut6_I4_O)        0.105    10.511 r  u_final_adder_68/product_r[24]_i_110/O
                         net (fo=3, routed)           0.852    11.363    u_final_adder_68/u_wallace_tree_32/STAGE2[3].a[18]
    SLICE_X21Y128        LUT3 (Prop_lut3_I1_O)        0.115    11.478 r  u_final_adder_68/product_r[24]_i_49/O
                         net (fo=2, routed)           0.638    12.115    u_final_adder_68/u_wallace_tree_32/STAGE3[2].b[19]
    SLICE_X20Y130        LUT3 (Prop_lut3_I0_O)        0.288    12.403 r  u_final_adder_68/product_r[24]_i_61/O
                         net (fo=2, routed)           0.682    13.085    u_final_adder_68/u_wallace_tree_32/csa318_return0[19]
    SLICE_X20Y128        LUT5 (Prop_lut5_I3_O)        0.296    13.381 r  u_final_adder_68/product_r[24]_i_72/O
                         net (fo=2, routed)           0.910    14.292    u_final_adder_68/u_wallace_tree_32/csa322_return0[19]
    SLICE_X19Y131        LUT5 (Prop_lut5_I4_O)        0.274    14.566 r  u_final_adder_68/product_r[24]_i_31/O
                         net (fo=6, routed)           0.811    15.377    u_final_adder_68/u_wallace_tree_32/csa324_return0[19]
    SLICE_X17Y132        LUT6 (Prop_lut6_I4_O)        0.267    15.644 r  u_final_adder_68/product_r[24]_i_15/O
                         net (fo=1, routed)           0.724    16.368    u_final_adder_68/u_wallace_tree_32/b[21]
    SLICE_X16Y132        LUT2 (Prop_lut2_I0_O)        0.105    16.473 r  u_final_adder_68/product_r[24]_i_5/O
                         net (fo=1, routed)           0.486    16.960    u_final_adder_68/wallace_sum[21]
    SLICE_X15Y132        CARRY4 (Prop_carry4_DI[0]_CO[3])
                                                      0.436    17.396 r  u_final_adder_68/product_r_reg[24]_i_1/CO[3]
                         net (fo=1, routed)           0.000    17.396    u_final_adder_68/product_r_reg[24]_i_1_n_0
    SLICE_X15Y133        CARRY4 (Prop_carry4_CI_CO[3])
                                                      0.098    17.494 r  u_final_adder_68/product_r_reg[28]_i_1/CO[3]
                         net (fo=1, routed)           0.000    17.494    u_final_adder_68/product_r_reg[28]_i_1_n_0
    SLICE_X15Y134        CARRY4 (Prop_carry4_CI_CO[3])
                                                      0.098    17.592 r  u_final_adder_68/product_r_reg[32]_i_1/CO[3]
                         net (fo=1, routed)           0.000    17.592    u_final_adder_68/product_r_reg[32]_i_1_n_0
    SLICE_X15Y135        CARRY4 (Prop_carry4_CI_CO[3])
                                                      0.098    17.690 r  u_final_adder_68/product_r_reg[36]_i_1/CO[3]
                         net (fo=1, routed)           0.000    17.690    u_final_adder_68/product_r_reg[36]_i_1_n_0
    SLICE_X15Y136        CARRY4 (Prop_carry4_CI_CO[3])
                                                      0.098    17.788 r  u_final_adder_68/product_r_reg[40]_i_1/CO[3]
                         net (fo=1, routed)           0.000    17.788    u_final_adder_68/product_r_reg[40]_i_1_n_0
    SLICE_X15Y137        CARRY4 (Prop_carry4_CI_CO[3])
                                                      0.098    17.886 r  u_final_adder_68/product_r_reg[44]_i_1/CO[3]
                         net (fo=1, routed)           0.000    17.886    u_final_adder_68/product_r_reg[44]_i_1_n_0
    SLICE_X15Y138        CARRY4 (Prop_carry4_CI_CO[3])
                                                      0.098    17.984 r  u_final_adder_68/product_r_reg[48]_i_1/CO[3]
                         net (fo=1, routed)           0.000    17.984    u_final_adder_68/product_r_reg[48]_i_1_n_0
    SLICE_X15Y139        CARRY4 (Prop_carry4_CI_CO[3])
                                                      0.098    18.082 r  u_final_adder_68/product_r_reg[52]_i_1/CO[3]
                         net (fo=1, routed)           0.000    18.082    u_final_adder_68/product_r_reg[52]_i_1_n_0
    SLICE_X15Y140        CARRY4 (Prop_carry4_CI_CO[3])
                                                      0.098    18.180 r  u_final_adder_68/product_r_reg[56]_i_1/CO[3]
                         net (fo=1, routed)           0.000    18.180    u_final_adder_68/product_r_reg[56]_i_1_n_0
    SLICE_X15Y141        CARRY4 (Prop_carry4_CI_O[3])
                                                      0.260    18.440 r  u_final_adder_68/product_r_reg[60]_i_1/O[3]
                         net (fo=1, routed)           0.000    18.440    product_comb[60]
    SLICE_X15Y141        FDRE                                         r  product_r_reg[60]/D
  -------------------------------------------------------------------    -------------------

Slack:                    inf
  Source:                 mult_op1[3]
                            (input port)
  Destination:            product_r_reg[59]/D
  Path Group:             (none)
  Path Type:              Max at Slow Process Corner
  Data Path Delay:        18.380ns  (logic 4.630ns (25.194%)  route 13.749ns (74.806%))
  Logic Levels:           22  (CARRY4=12 IBUF=1 LUT1=1 LUT2=1 LUT3=2 LUT4=1 LUT5=2 LUT6=2)

    Location             Delay type                Incr(ns)  Path(ns)    Netlist Resource(s)
  -------------------------------------------------------------------    -------------------
    J26                                               0.000     0.000 f  mult_op1[3] (IN)
                         net (fo=0)                   0.000     0.000    mult_op1[3]
    J26                  IBUF (Prop_ibuf_I_O)         0.923     0.923 f  mult_op1_IBUF[3]_inst/O
                         net (fo=47, routed)          3.957     4.880    u_final_adder_68/mult_op1_IBUF[3]
    SLICE_X10Y132        LUT1 (Prop_lut1_I0_O)        0.105     4.985 r  u_final_adder_68/product_r[3]_i_7/O
                         net (fo=1, routed)           0.000     4.985    u_final_adder_68/product_r[3]_i_7_n_0
    SLICE_X10Y132        CARRY4 (Prop_carry4_S[2]_CO[3])
                                                      0.316     5.301 r  u_final_adder_68/product_r_reg[3]_i_2/CO[3]
                         net (fo=1, routed)           0.000     5.301    u_final_adder_68/product_r_reg[3]_i_2_n_0
    SLICE_X10Y133        CARRY4 (Prop_carry4_CI_O[0])
                                                      0.178     5.479 r  u_final_adder_68/product_r_reg[44]_i_60/O[0]
                         net (fo=48, routed)          4.191     9.670    u_final_adder_68/product_r_reg[44]_i_60_n_7
    SLICE_X21Y127        LUT4 (Prop_lut4_I3_O)        0.238     9.908 r  u_final_adder_68/product_r[24]_i_188/O
                         net (fo=2, routed)           0.498    10.406    u_final_adder_68/partial_products[833]
    SLICE_X22Y127        LUT6 (Prop_lut6_I4_O)        0.105    10.511 r  u_final_adder_68/product_r[24]_i_110/O
                         net (fo=3, routed)           0.852    11.363    u_final_adder_68/u_wallace_tree_32/STAGE2[3].a[18]
    SLICE_X21Y128        LUT3 (Prop_lut3_I1_O)        0.115    11.478 r  u_final_adder_68/product_r[24]_i_49/O
                         net (fo=2, routed)           0.638    12.115    u_final_adder_68/u_wallace_tree_32/STAGE3[2].b[19]
    SLICE_X20Y130        LUT3 (Prop_lut3_I0_O)        0.288    12.403 r  u_final_adder_68/product_r[24]_i_61/O
                         net (fo=2, routed)           0.682    13.085    u_final_adder_68/u_wallace_tree_32/csa318_return0[19]
    SLICE_X20Y128        LUT5 (Prop_lut5_I3_O)        0.296    13.381 r  u_final_adder_68/product_r[24]_i_72/O
                         net (fo=2, routed)           0.910    14.292    u_final_adder_68/u_wallace_tree_32/csa322_return0[19]
    SLICE_X19Y131        LUT5 (Prop_lut5_I4_O)        0.274    14.566 r  u_final_adder_68/product_r[24]_i_31/O
                         net (fo=6, routed)           0.811    15.377    u_final_adder_68/u_wallace_tree_32/csa324_return0[19]
    SLICE_X17Y132        LUT6 (Prop_lut6_I4_O)        0.267    15.644 r  u_final_adder_68/product_r[24]_i_15/O
                         net (fo=1, routed)           0.724    16.368    u_final_adder_68/u_wallace_tree_32/b[21]
    SLICE_X16Y132        LUT2 (Prop_lut2_I0_O)        0.105    16.473 r  u_final_adder_68/product_r[24]_i_5/O
                         net (fo=1, routed)           0.486    16.960    u_final_adder_68/wallace_sum[21]
    SLICE_X15Y132        CARRY4 (Prop_carry4_DI[0]_CO[3])
                                                      0.436    17.396 r  u_final_adder_68/product_r_reg[24]_i_1/CO[3]
                         net (fo=1, routed)           0.000    17.396    u_final_adder_68/product_r_reg[24]_i_1_n_0
    SLICE_X15Y133        CARRY4 (Prop_carry4_CI_CO[3])
                                                      0.098    17.494 r  u_final_adder_68/product_r_reg[28]_i_1/CO[3]
                         net (fo=1, routed)           0.000    17.494    u_final_adder_68/product_r_reg[28]_i_1_n_0
    SLICE_X15Y134        CARRY4 (Prop_carry4_CI_CO[3])
                                                      0.098    17.592 r  u_final_adder_68/product_r_reg[32]_i_1/CO[3]
                         net (fo=1, routed)           0.000    17.592    u_final_adder_68/product_r_reg[32]_i_1_n_0
    SLICE_X15Y135        CARRY4 (Prop_carry4_CI_CO[3])
                                                      0.098    17.690 r  u_final_adder_68/product_r_reg[36]_i_1/CO[3]
                         net (fo=1, routed)           0.000    17.690    u_final_adder_68/product_r_reg[36]_i_1_n_0
    SLICE_X15Y136        CARRY4 (Prop_carry4_CI_CO[3])
                                                      0.098    17.788 r  u_final_adder_68/product_r_reg[40]_i_1/CO[3]
                         net (fo=1, routed)           0.000    17.788    u_final_adder_68/product_r_reg[40]_i_1_n_0
    SLICE_X15Y137        CARRY4 (Prop_carry4_CI_CO[3])
                                                      0.098    17.886 r  u_final_adder_68/product_r_reg[44]_i_1/CO[3]
                         net (fo=1, routed)           0.000    17.886    u_final_adder_68/product_r_reg[44]_i_1_n_0
    SLICE_X15Y138        CARRY4 (Prop_carry4_CI_CO[3])
                                                      0.098    17.984 r  u_final_adder_68/product_r_reg[48]_i_1/CO[3]
                         net (fo=1, routed)           0.000    17.984    u_final_adder_68/product_r_reg[48]_i_1_n_0
    SLICE_X15Y139        CARRY4 (Prop_carry4_CI_CO[3])
                                                      0.098    18.082 r  u_final_adder_68/product_r_reg[52]_i_1/CO[3]
                         net (fo=1, routed)           0.000    18.082    u_final_adder_68/product_r_reg[52]_i_1_n_0
    SLICE_X15Y140        CARRY4 (Prop_carry4_CI_CO[3])
                                                      0.098    18.180 r  u_final_adder_68/product_r_reg[56]_i_1/CO[3]
                         net (fo=1, routed)           0.000    18.180    u_final_adder_68/product_r_reg[56]_i_1_n_0
    SLICE_X15Y141        CARRY4 (Prop_carry4_CI_O[2])
                                                      0.200    18.380 r  u_final_adder_68/product_r_reg[60]_i_1/O[2]
                         net (fo=1, routed)           0.000    18.380    product_comb[59]
    SLICE_X15Y141        FDRE                                         r  product_r_reg[59]/D
  -------------------------------------------------------------------    -------------------

Slack:                    inf
  Source:                 mult_op1[3]
                            (input port)
  Destination:            product_r_reg[57]/D
  Path Group:             (none)
  Path Type:              Max at Slow Process Corner
  Data Path Delay:        18.361ns  (logic 4.611ns (25.116%)  route 13.749ns (74.884%))
  Logic Levels:           22  (CARRY4=12 IBUF=1 LUT1=1 LUT2=1 LUT3=2 LUT4=1 LUT5=2 LUT6=2)

    Location             Delay type                Incr(ns)  Path(ns)    Netlist Resource(s)
  -------------------------------------------------------------------    -------------------
    J26                                               0.000     0.000 f  mult_op1[3] (IN)
                         net (fo=0)                   0.000     0.000    mult_op1[3]
    J26                  IBUF (Prop_ibuf_I_O)         0.923     0.923 f  mult_op1_IBUF[3]_inst/O
                         net (fo=47, routed)          3.957     4.880    u_final_adder_68/mult_op1_IBUF[3]
    SLICE_X10Y132        LUT1 (Prop_lut1_I0_O)        0.105     4.985 r  u_final_adder_68/product_r[3]_i_7/O
                         net (fo=1, routed)           0.000     4.985    u_final_adder_68/product_r[3]_i_7_n_0
    SLICE_X10Y132        CARRY4 (Prop_carry4_S[2]_CO[3])
                                                      0.316     5.301 r  u_final_adder_68/product_r_reg[3]_i_2/CO[3]
                         net (fo=1, routed)           0.000     5.301    u_final_adder_68/product_r_reg[3]_i_2_n_0
    SLICE_X10Y133        CARRY4 (Prop_carry4_CI_O[0])
                                                      0.178     5.479 r  u_final_adder_68/product_r_reg[44]_i_60/O[0]
                         net (fo=48, routed)          4.191     9.670    u_final_adder_68/product_r_reg[44]_i_60_n_7
    SLICE_X21Y127        LUT4 (Prop_lut4_I3_O)        0.238     9.908 r  u_final_adder_68/product_r[24]_i_188/O
                         net (fo=2, routed)           0.498    10.406    u_final_adder_68/partial_products[833]
    SLICE_X22Y127        LUT6 (Prop_lut6_I4_O)        0.105    10.511 r  u_final_adder_68/product_r[24]_i_110/O
                         net (fo=3, routed)           0.852    11.363    u_final_adder_68/u_wallace_tree_32/STAGE2[3].a[18]
    SLICE_X21Y128        LUT3 (Prop_lut3_I1_O)        0.115    11.478 r  u_final_adder_68/product_r[24]_i_49/O
                         net (fo=2, routed)           0.638    12.115    u_final_adder_68/u_wallace_tree_32/STAGE3[2].b[19]
    SLICE_X20Y130        LUT3 (Prop_lut3_I0_O)        0.288    12.403 r  u_final_adder_68/product_r[24]_i_61/O
                         net (fo=2, routed)           0.682    13.085    u_final_adder_68/u_wallace_tree_32/csa318_return0[19]
    SLICE_X20Y128        LUT5 (Prop_lut5_I3_O)        0.296    13.381 r  u_final_adder_68/product_r[24]_i_72/O
                         net (fo=2, routed)           0.910    14.292    u_final_adder_68/u_wallace_tree_32/csa322_return0[19]
    SLICE_X19Y131        LUT5 (Prop_lut5_I4_O)        0.274    14.566 r  u_final_adder_68/product_r[24]_i_31/O
                         net (fo=6, routed)           0.811    15.377    u_final_adder_68/u_wallace_tree_32/csa324_return0[19]
    SLICE_X17Y132        LUT6 (Prop_lut6_I4_O)        0.267    15.644 r  u_final_adder_68/product_r[24]_i_15/O
                         net (fo=1, routed)           0.724    16.368    u_final_adder_68/u_wallace_tree_32/b[21]
    SLICE_X16Y132        LUT2 (Prop_lut2_I0_O)        0.105    16.473 r  u_final_adder_68/product_r[24]_i_5/O
                         net (fo=1, routed)           0.486    16.960    u_final_adder_68/wallace_sum[21]
    SLICE_X15Y132        CARRY4 (Prop_carry4_DI[0]_CO[3])
                                                      0.436    17.396 r  u_final_adder_68/product_r_reg[24]_i_1/CO[3]
                         net (fo=1, routed)           0.000    17.396    u_final_adder_68/product_r_reg[24]_i_1_n_0
    SLICE_X15Y133        CARRY4 (Prop_carry4_CI_CO[3])
                                                      0.098    17.494 r  u_final_adder_68/product_r_reg[28]_i_1/CO[3]
                         net (fo=1, routed)           0.000    17.494    u_final_adder_68/product_r_reg[28]_i_1_n_0
    SLICE_X15Y134        CARRY4 (Prop_carry4_CI_CO[3])
                                                      0.098    17.592 r  u_final_adder_68/product_r_reg[32]_i_1/CO[3]
                         net (fo=1, routed)           0.000    17.592    u_final_adder_68/product_r_reg[32]_i_1_n_0
    SLICE_X15Y135        CARRY4 (Prop_carry4_CI_CO[3])
                                                      0.098    17.690 r  u_final_adder_68/product_r_reg[36]_i_1/CO[3]
                         net (fo=1, routed)           0.000    17.690    u_final_adder_68/product_r_reg[36]_i_1_n_0
    SLICE_X15Y136        CARRY4 (Prop_carry4_CI_CO[3])
                                                      0.098    17.788 r  u_final_adder_68/product_r_reg[40]_i_1/CO[3]
                         net (fo=1, routed)           0.000    17.788    u_final_adder_68/product_r_reg[40]_i_1_n_0
    SLICE_X15Y137        CARRY4 (Prop_carry4_CI_CO[3])
                                                      0.098    17.886 r  u_final_adder_68/product_r_reg[44]_i_1/CO[3]
                         net (fo=1, routed)           0.000    17.886    u_final_adder_68/product_r_reg[44]_i_1_n_0
    SLICE_X15Y138        CARRY4 (Prop_carry4_CI_CO[3])
                                                      0.098    17.984 r  u_final_adder_68/product_r_reg[48]_i_1/CO[3]
                         net (fo=1, routed)           0.000    17.984    u_final_adder_68/product_r_reg[48]_i_1_n_0
    SLICE_X15Y139        CARRY4 (Prop_carry4_CI_CO[3])
                                                      0.098    18.082 r  u_final_adder_68/product_r_reg[52]_i_1/CO[3]
                         net (fo=1, routed)           0.000    18.082    u_final_adder_68/product_r_reg[52]_i_1_n_0
    SLICE_X15Y140        CARRY4 (Prop_carry4_CI_CO[3])
                                                      0.098    18.180 r  u_final_adder_68/product_r_reg[56]_i_1/CO[3]
                         net (fo=1, routed)           0.000    18.180    u_final_adder_68/product_r_reg[56]_i_1_n_0
    SLICE_X15Y141        CARRY4 (Prop_carry4_CI_O[0])
                                                      0.181    18.361 r  u_final_adder_68/product_r_reg[60]_i_1/O[0]
                         net (fo=1, routed)           0.000    18.361    product_comb[57]
    SLICE_X15Y141        FDRE                                         r  product_r_reg[57]/D
  -------------------------------------------------------------------    -------------------

Slack:                    inf
  Source:                 mult_op1[3]
                            (input port)
  Destination:            product_r_reg[54]/D
  Path Group:             (none)
  Path Type:              Max at Slow Process Corner
  Data Path Delay:        18.347ns  (logic 4.597ns (25.059%)  route 13.749ns (74.941%))
  Logic Levels:           21  (CARRY4=11 IBUF=1 LUT1=1 LUT2=1 LUT3=2 LUT4=1 LUT5=2 LUT6=2)

    Location             Delay type                Incr(ns)  Path(ns)    Netlist Resource(s)
  -------------------------------------------------------------------    -------------------
    J26                                               0.000     0.000 f  mult_op1[3] (IN)
                         net (fo=0)                   0.000     0.000    mult_op1[3]
    J26                  IBUF (Prop_ibuf_I_O)         0.923     0.923 f  mult_op1_IBUF[3]_inst/O
                         net (fo=47, routed)          3.957     4.880    u_final_adder_68/mult_op1_IBUF[3]
    SLICE_X10Y132        LUT1 (Prop_lut1_I0_O)        0.105     4.985 r  u_final_adder_68/product_r[3]_i_7/O
                         net (fo=1, routed)           0.000     4.985    u_final_adder_68/product_r[3]_i_7_n_0
    SLICE_X10Y132        CARRY4 (Prop_carry4_S[2]_CO[3])
                                                      0.316     5.301 r  u_final_adder_68/product_r_reg[3]_i_2/CO[3]
                         net (fo=1, routed)           0.000     5.301    u_final_adder_68/product_r_reg[3]_i_2_n_0
    SLICE_X10Y133        CARRY4 (Prop_carry4_CI_O[0])
                                                      0.178     5.479 r  u_final_adder_68/product_r_reg[44]_i_60/O[0]
                         net (fo=48, routed)          4.191     9.670    u_final_adder_68/product_r_reg[44]_i_60_n_7
    SLICE_X21Y127        LUT4 (Prop_lut4_I3_O)        0.238     9.908 r  u_final_adder_68/product_r[24]_i_188/O
                         net (fo=2, routed)           0.498    10.406    u_final_adder_68/partial_products[833]
    SLICE_X22Y127        LUT6 (Prop_lut6_I4_O)        0.105    10.511 r  u_final_adder_68/product_r[24]_i_110/O
                         net (fo=3, routed)           0.852    11.363    u_final_adder_68/u_wallace_tree_32/STAGE2[3].a[18]
    SLICE_X21Y128        LUT3 (Prop_lut3_I1_O)        0.115    11.478 r  u_final_adder_68/product_r[24]_i_49/O
                         net (fo=2, routed)           0.638    12.115    u_final_adder_68/u_wallace_tree_32/STAGE3[2].b[19]
    SLICE_X20Y130        LUT3 (Prop_lut3_I0_O)        0.288    12.403 r  u_final_adder_68/product_r[24]_i_61/O
                         net (fo=2, routed)           0.682    13.085    u_final_adder_68/u_wallace_tree_32/csa318_return0[19]
    SLICE_X20Y128        LUT5 (Prop_lut5_I3_O)        0.296    13.381 r  u_final_adder_68/product_r[24]_i_72/O
                         net (fo=2, routed)           0.910    14.292    u_final_adder_68/u_wallace_tree_32/csa322_return0[19]
    SLICE_X19Y131        LUT5 (Prop_lut5_I4_O)        0.274    14.566 r  u_final_adder_68/product_r[24]_i_31/O
                         net (fo=6, routed)           0.811    15.377    u_final_adder_68/u_wallace_tree_32/csa324_return0[19]
    SLICE_X17Y132        LUT6 (Prop_lut6_I4_O)        0.267    15.644 r  u_final_adder_68/product_r[24]_i_15/O
                         net (fo=1, routed)           0.724    16.368    u_final_adder_68/u_wallace_tree_32/b[21]
    SLICE_X16Y132        LUT2 (Prop_lut2_I0_O)        0.105    16.473 r  u_final_adder_68/product_r[24]_i_5/O
                         net (fo=1, routed)           0.486    16.960    u_final_adder_68/wallace_sum[21]
    SLICE_X15Y132        CARRY4 (Prop_carry4_DI[0]_CO[3])
                                                      0.436    17.396 r  u_final_adder_68/product_r_reg[24]_i_1/CO[3]
                         net (fo=1, routed)           0.000    17.396    u_final_adder_68/product_r_reg[24]_i_1_n_0
    SLICE_X15Y133        CARRY4 (Prop_carry4_CI_CO[3])
                                                      0.098    17.494 r  u_final_adder_68/product_r_reg[28]_i_1/CO[3]
                         net (fo=1, routed)           0.000    17.494    u_final_adder_68/product_r_reg[28]_i_1_n_0
    SLICE_X15Y134        CARRY4 (Prop_carry4_CI_CO[3])
                                                      0.098    17.592 r  u_final_adder_68/product_r_reg[32]_i_1/CO[3]
                         net (fo=1, routed)           0.000    17.592    u_final_adder_68/product_r_reg[32]_i_1_n_0
    SLICE_X15Y135        CARRY4 (Prop_carry4_CI_CO[3])
                                                      0.098    17.690 r  u_final_adder_68/product_r_reg[36]_i_1/CO[3]
                         net (fo=1, routed)           0.000    17.690    u_final_adder_68/product_r_reg[36]_i_1_n_0
    SLICE_X15Y136        CARRY4 (Prop_carry4_CI_CO[3])
                                                      0.098    17.788 r  u_final_adder_68/product_r_reg[40]_i_1/CO[3]
                         net (fo=1, routed)           0.000    17.788    u_final_adder_68/product_r_reg[40]_i_1_n_0
    SLICE_X15Y137        CARRY4 (Prop_carry4_CI_CO[3])
                                                      0.098    17.886 r  u_final_adder_68/product_r_reg[44]_i_1/CO[3]
                         net (fo=1, routed)           0.000    17.886    u_final_adder_68/product_r_reg[44]_i_1_n_0
    SLICE_X15Y138        CARRY4 (Prop_carry4_CI_CO[3])
                                                      0.098    17.984 r  u_final_adder_68/product_r_reg[48]_i_1/CO[3]
                         net (fo=1, routed)           0.000    17.984    u_final_adder_68/product_r_reg[48]_i_1_n_0
    SLICE_X15Y139        CARRY4 (Prop_carry4_CI_CO[3])
                                                      0.098    18.082 r  u_final_adder_68/product_r_reg[52]_i_1/CO[3]
                         net (fo=1, routed)           0.000    18.082    u_final_adder_68/product_r_reg[52]_i_1_n_0
    SLICE_X15Y140        CARRY4 (Prop_carry4_CI_O[1])
                                                      0.265    18.347 r  u_final_adder_68/product_r_reg[56]_i_1/O[1]
                         net (fo=1, routed)           0.000    18.347    product_comb[54]
    SLICE_X15Y140        FDRE                                         r  product_r_reg[54]/D
  -------------------------------------------------------------------    -------------------

Slack:                    inf
  Source:                 mult_op1[3]
                            (input port)
  Destination:            product_r_reg[56]/D
  Path Group:             (none)
  Path Type:              Max at Slow Process Corner
  Data Path Delay:        18.342ns  (logic 4.592ns (25.039%)  route 13.749ns (74.961%))
  Logic Levels:           21  (CARRY4=11 IBUF=1 LUT1=1 LUT2=1 LUT3=2 LUT4=1 LUT5=2 LUT6=2)

    Location             Delay type                Incr(ns)  Path(ns)    Netlist Resource(s)
  -------------------------------------------------------------------    -------------------
    J26                                               0.000     0.000 f  mult_op1[3] (IN)
                         net (fo=0)                   0.000     0.000    mult_op1[3]
    J26                  IBUF (Prop_ibuf_I_O)         0.923     0.923 f  mult_op1_IBUF[3]_inst/O
                         net (fo=47, routed)          3.957     4.880    u_final_adder_68/mult_op1_IBUF[3]
    SLICE_X10Y132        LUT1 (Prop_lut1_I0_O)        0.105     4.985 r  u_final_adder_68/product_r[3]_i_7/O
                         net (fo=1, routed)           0.000     4.985    u_final_adder_68/product_r[3]_i_7_n_0
    SLICE_X10Y132        CARRY4 (Prop_carry4_S[2]_CO[3])
                                                      0.316     5.301 r  u_final_adder_68/product_r_reg[3]_i_2/CO[3]
                         net (fo=1, routed)           0.000     5.301    u_final_adder_68/product_r_reg[3]_i_2_n_0
    SLICE_X10Y133        CARRY4 (Prop_carry4_CI_O[0])
                                                      0.178     5.479 r  u_final_adder_68/product_r_reg[44]_i_60/O[0]
                         net (fo=48, routed)          4.191     9.670    u_final_adder_68/product_r_reg[44]_i_60_n_7
    SLICE_X21Y127        LUT4 (Prop_lut4_I3_O)        0.238     9.908 r  u_final_adder_68/product_r[24]_i_188/O
                         net (fo=2, routed)           0.498    10.406    u_final_adder_68/partial_products[833]
    SLICE_X22Y127        LUT6 (Prop_lut6_I4_O)        0.105    10.511 r  u_final_adder_68/product_r[24]_i_110/O
                         net (fo=3, routed)           0.852    11.363    u_final_adder_68/u_wallace_tree_32/STAGE2[3].a[18]
    SLICE_X21Y128        LUT3 (Prop_lut3_I1_O)        0.115    11.478 r  u_final_adder_68/product_r[24]_i_49/O
                         net (fo=2, routed)           0.638    12.115    u_final_adder_68/u_wallace_tree_32/STAGE3[2].b[19]
    SLICE_X20Y130        LUT3 (Prop_lut3_I0_O)        0.288    12.403 r  u_final_adder_68/product_r[24]_i_61/O
                         net (fo=2, routed)           0.682    13.085    u_final_adder_68/u_wallace_tree_32/csa318_return0[19]
    SLICE_X20Y128        LUT5 (Prop_lut5_I3_O)        0.296    13.381 r  u_final_adder_68/product_r[24]_i_72/O
                         net (fo=2, routed)           0.910    14.292    u_final_adder_68/u_wallace_tree_32/csa322_return0[19]
    SLICE_X19Y131        LUT5 (Prop_lut5_I4_O)        0.274    14.566 r  u_final_adder_68/product_r[24]_i_31/O
                         net (fo=6, routed)           0.811    15.377    u_final_adder_68/u_wallace_tree_32/csa324_return0[19]
    SLICE_X17Y132        LUT6 (Prop_lut6_I4_O)        0.267    15.644 r  u_final_adder_68/product_r[24]_i_15/O
                         net (fo=1, routed)           0.724    16.368    u_final_adder_68/u_wallace_tree_32/b[21]
    SLICE_X16Y132        LUT2 (Prop_lut2_I0_O)        0.105    16.473 r  u_final_adder_68/product_r[24]_i_5/O
                         net (fo=1, routed)           0.486    16.960    u_final_adder_68/wallace_sum[21]
    SLICE_X15Y132        CARRY4 (Prop_carry4_DI[0]_CO[3])
                                                      0.436    17.396 r  u_final_adder_68/product_r_reg[24]_i_1/CO[3]
                         net (fo=1, routed)           0.000    17.396    u_final_adder_68/product_r_reg[24]_i_1_n_0
    SLICE_X15Y133        CARRY4 (Prop_carry4_CI_CO[3])
                                                      0.098    17.494 r  u_final_adder_68/product_r_reg[28]_i_1/CO[3]
                         net (fo=1, routed)           0.000    17.494    u_final_adder_68/product_r_reg[28]_i_1_n_0
    SLICE_X15Y134        CARRY4 (Prop_carry4_CI_CO[3])
                                                      0.098    17.592 r  u_final_adder_68/product_r_reg[32]_i_1/CO[3]
                         net (fo=1, routed)           0.000    17.592    u_final_adder_68/product_r_reg[32]_i_1_n_0
    SLICE_X15Y135        CARRY4 (Prop_carry4_CI_CO[3])
                                                      0.098    17.690 r  u_final_adder_68/product_r_reg[36]_i_1/CO[3]
                         net (fo=1, routed)           0.000    17.690    u_final_adder_68/product_r_reg[36]_i_1_n_0
    SLICE_X15Y136        CARRY4 (Prop_carry4_CI_CO[3])
                                                      0.098    17.788 r  u_final_adder_68/product_r_reg[40]_i_1/CO[3]
                         net (fo=1, routed)           0.000    17.788    u_final_adder_68/product_r_reg[40]_i_1_n_0
    SLICE_X15Y137        CARRY4 (Prop_carry4_CI_CO[3])
                                                      0.098    17.886 r  u_final_adder_68/product_r_reg[44]_i_1/CO[3]
                         net (fo=1, routed)           0.000    17.886    u_final_adder_68/product_r_reg[44]_i_1_n_0
    SLICE_X15Y138        CARRY4 (Prop_carry4_CI_CO[3])
                                                      0.098    17.984 r  u_final_adder_68/product_r_reg[48]_i_1/CO[3]
                         net (fo=1, routed)           0.000    17.984    u_final_adder_68/product_r_reg[48]_i_1_n_0
    SLICE_X15Y139        CARRY4 (Prop_carry4_CI_CO[3])
                                                      0.098    18.082 r  u_final_adder_68/product_r_reg[52]_i_1/CO[3]
                         net (fo=1, routed)           0.000    18.082    u_final_adder_68/product_r_reg[52]_i_1_n_0
    SLICE_X15Y140        CARRY4 (Prop_carry4_CI_O[3])
                                                      0.260    18.342 r  u_final_adder_68/product_r_reg[56]_i_1/O[3]
                         net (fo=1, routed)           0.000    18.342    product_comb[56]
    SLICE_X15Y140        FDRE                                         r  product_r_reg[56]/D
  -------------------------------------------------------------------    -------------------

Slack:                    inf
  Source:                 mult_op1[3]
                            (input port)
  Destination:            product_r_reg[55]/D
  Path Group:             (none)
  Path Type:              Max at Slow Process Corner
  Data Path Delay:        18.282ns  (logic 4.532ns (24.793%)  route 13.749ns (75.207%))
  Logic Levels:           21  (CARRY4=11 IBUF=1 LUT1=1 LUT2=1 LUT3=2 LUT4=1 LUT5=2 LUT6=2)

    Location             Delay type                Incr(ns)  Path(ns)    Netlist Resource(s)
  -------------------------------------------------------------------    -------------------
    J26                                               0.000     0.000 f  mult_op1[3] (IN)
                         net (fo=0)                   0.000     0.000    mult_op1[3]
    J26                  IBUF (Prop_ibuf_I_O)         0.923     0.923 f  mult_op1_IBUF[3]_inst/O
                         net (fo=47, routed)          3.957     4.880    u_final_adder_68/mult_op1_IBUF[3]
    SLICE_X10Y132        LUT1 (Prop_lut1_I0_O)        0.105     4.985 r  u_final_adder_68/product_r[3]_i_7/O
                         net (fo=1, routed)           0.000     4.985    u_final_adder_68/product_r[3]_i_7_n_0
    SLICE_X10Y132        CARRY4 (Prop_carry4_S[2]_CO[3])
                                                      0.316     5.301 r  u_final_adder_68/product_r_reg[3]_i_2/CO[3]
                         net (fo=1, routed)           0.000     5.301    u_final_adder_68/product_r_reg[3]_i_2_n_0
    SLICE_X10Y133        CARRY4 (Prop_carry4_CI_O[0])
                                                      0.178     5.479 r  u_final_adder_68/product_r_reg[44]_i_60/O[0]
                         net (fo=48, routed)          4.191     9.670    u_final_adder_68/product_r_reg[44]_i_60_n_7
    SLICE_X21Y127        LUT4 (Prop_lut4_I3_O)        0.238     9.908 r  u_final_adder_68/product_r[24]_i_188/O
                         net (fo=2, routed)           0.498    10.406    u_final_adder_68/partial_products[833]
    SLICE_X22Y127        LUT6 (Prop_lut6_I4_O)        0.105    10.511 r  u_final_adder_68/product_r[24]_i_110/O
                         net (fo=3, routed)           0.852    11.363    u_final_adder_68/u_wallace_tree_32/STAGE2[3].a[18]
    SLICE_X21Y128        LUT3 (Prop_lut3_I1_O)        0.115    11.478 r  u_final_adder_68/product_r[24]_i_49/O
                         net (fo=2, routed)           0.638    12.115    u_final_adder_68/u_wallace_tree_32/STAGE3[2].b[19]
    SLICE_X20Y130        LUT3 (Prop_lut3_I0_O)        0.288    12.403 r  u_final_adder_68/product_r[24]_i_61/O
                         net (fo=2, routed)           0.682    13.085    u_final_adder_68/u_wallace_tree_32/csa318_return0[19]
    SLICE_X20Y128        LUT5 (Prop_lut5_I3_O)        0.296    13.381 r  u_final_adder_68/product_r[24]_i_72/O
                         net (fo=2, routed)           0.910    14.292    u_final_adder_68/u_wallace_tree_32/csa322_return0[19]
    SLICE_X19Y131        LUT5 (Prop_lut5_I4_O)        0.274    14.566 r  u_final_adder_68/product_r[24]_i_31/O
                         net (fo=6, routed)           0.811    15.377    u_final_adder_68/u_wallace_tree_32/csa324_return0[19]
    SLICE_X17Y132        LUT6 (Prop_lut6_I4_O)        0.267    15.644 r  u_final_adder_68/product_r[24]_i_15/O
                         net (fo=1, routed)           0.724    16.368    u_final_adder_68/u_wallace_tree_32/b[21]
    SLICE_X16Y132        LUT2 (Prop_lut2_I0_O)        0.105    16.473 r  u_final_adder_68/product_r[24]_i_5/O
                         net (fo=1, routed)           0.486    16.960    u_final_adder_68/wallace_sum[21]
    SLICE_X15Y132        CARRY4 (Prop_carry4_DI[0]_CO[3])
                                                      0.436    17.396 r  u_final_adder_68/product_r_reg[24]_i_1/CO[3]
                         net (fo=1, routed)           0.000    17.396    u_final_adder_68/product_r_reg[24]_i_1_n_0
    SLICE_X15Y133        CARRY4 (Prop_carry4_CI_CO[3])
                                                      0.098    17.494 r  u_final_adder_68/product_r_reg[28]_i_1/CO[3]
                         net (fo=1, routed)           0.000    17.494    u_final_adder_68/product_r_reg[28]_i_1_n_0
    SLICE_X15Y134        CARRY4 (Prop_carry4_CI_CO[3])
                                                      0.098    17.592 r  u_final_adder_68/product_r_reg[32]_i_1/CO[3]
                         net (fo=1, routed)           0.000    17.592    u_final_adder_68/product_r_reg[32]_i_1_n_0
    SLICE_X15Y135        CARRY4 (Prop_carry4_CI_CO[3])
                                                      0.098    17.690 r  u_final_adder_68/product_r_reg[36]_i_1/CO[3]
                         net (fo=1, routed)           0.000    17.690    u_final_adder_68/product_r_reg[36]_i_1_n_0
    SLICE_X15Y136        CARRY4 (Prop_carry4_CI_CO[3])
                                                      0.098    17.788 r  u_final_adder_68/product_r_reg[40]_i_1/CO[3]
                         net (fo=1, routed)           0.000    17.788    u_final_adder_68/product_r_reg[40]_i_1_n_0
    SLICE_X15Y137        CARRY4 (Prop_carry4_CI_CO[3])
                                                      0.098    17.886 r  u_final_adder_68/product_r_reg[44]_i_1/CO[3]
                         net (fo=1, routed)           0.000    17.886    u_final_adder_68/product_r_reg[44]_i_1_n_0
    SLICE_X15Y138        CARRY4 (Prop_carry4_CI_CO[3])
                                                      0.098    17.984 r  u_final_adder_68/product_r_reg[48]_i_1/CO[3]
                         net (fo=1, routed)           0.000    17.984    u_final_adder_68/product_r_reg[48]_i_1_n_0
    SLICE_X15Y139        CARRY4 (Prop_carry4_CI_CO[3])
                                                      0.098    18.082 r  u_final_adder_68/product_r_reg[52]_i_1/CO[3]
                         net (fo=1, routed)           0.000    18.082    u_final_adder_68/product_r_reg[52]_i_1_n_0
    SLICE_X15Y140        CARRY4 (Prop_carry4_CI_O[2])
                                                      0.200    18.282 r  u_final_adder_68/product_r_reg[56]_i_1/O[2]
                         net (fo=1, routed)           0.000    18.282    product_comb[55]
    SLICE_X15Y140        FDRE                                         r  product_r_reg[55]/D
  -------------------------------------------------------------------    -------------------





Min Delay Paths
--------------------------------------------------------------------------------------
Slack:                    inf
  Source:                 mult_begin_d_reg/C
                            (rising edge-triggered cell FDRE)
  Destination:            product_r_reg[1]/CE
  Path Group:             (none)
  Path Type:              Min at Fast Process Corner
  Data Path Delay:        0.509ns  (logic 0.186ns (36.509%)  route 0.323ns (63.491%))
  Logic Levels:           2  (FDRE=1 LUT2=1)

    Location             Delay type                Incr(ns)  Path(ns)    Netlist Resource(s)
  -------------------------------------------------------------------    -------------------
    SLICE_X1Y130         FDRE                         0.000     0.000 r  mult_begin_d_reg/C
    SLICE_X1Y130         FDRE (Prop_fdre_C_Q)         0.141     0.141 f  mult_begin_d_reg/Q
                         net (fo=1, routed)           0.135     0.276    mult_begin_d
    SLICE_X1Y130         LUT2 (Prop_lut2_I1_O)        0.045     0.321 r  product_r[63]_i_1/O
                         net (fo=65, routed)          0.189     0.509    mult_start
    SLICE_X0Y133         FDRE                                         r  product_r_reg[1]/CE
  -------------------------------------------------------------------    -------------------

Slack:                    inf
  Source:                 mult_begin_d_reg/C
                            (rising edge-triggered cell FDRE)
  Destination:            product_r_reg[2]/CE
  Path Group:             (none)
  Path Type:              Min at Fast Process Corner
  Data Path Delay:        0.509ns  (logic 0.186ns (36.509%)  route 0.323ns (63.491%))
  Logic Levels:           2  (FDRE=1 LUT2=1)

    Location             Delay type                Incr(ns)  Path(ns)    Netlist Resource(s)
  -------------------------------------------------------------------    -------------------
    SLICE_X1Y130         FDRE                         0.000     0.000 r  mult_begin_d_reg/C
    SLICE_X1Y130         FDRE (Prop_fdre_C_Q)         0.141     0.141 f  mult_begin_d_reg/Q
                         net (fo=1, routed)           0.135     0.276    mult_begin_d
    SLICE_X1Y130         LUT2 (Prop_lut2_I1_O)        0.045     0.321 r  product_r[63]_i_1/O
                         net (fo=65, routed)          0.189     0.509    mult_start
    SLICE_X0Y133         FDRE                                         r  product_r_reg[2]/CE
  -------------------------------------------------------------------    -------------------

Slack:                    inf
  Source:                 mult_begin_d_reg/C
                            (rising edge-triggered cell FDRE)
  Destination:            product_r_reg[3]/CE
  Path Group:             (none)
  Path Type:              Min at Fast Process Corner
  Data Path Delay:        0.515ns  (logic 0.186ns (36.092%)  route 0.329ns (63.908%))
  Logic Levels:           2  (FDRE=1 LUT2=1)

    Location             Delay type                Incr(ns)  Path(ns)    Netlist Resource(s)
  -------------------------------------------------------------------    -------------------
    SLICE_X1Y130         FDRE                         0.000     0.000 r  mult_begin_d_reg/C
    SLICE_X1Y130         FDRE (Prop_fdre_C_Q)         0.141     0.141 f  mult_begin_d_reg/Q
                         net (fo=1, routed)           0.135     0.276    mult_begin_d
    SLICE_X1Y130         LUT2 (Prop_lut2_I1_O)        0.045     0.321 r  product_r[63]_i_1/O
                         net (fo=65, routed)          0.195     0.515    mult_start
    SLICE_X0Y127         FDRE                                         r  product_r_reg[3]/CE
  -------------------------------------------------------------------    -------------------

Slack:                    inf
  Source:                 mult_begin_d_reg/C
                            (rising edge-triggered cell FDRE)
  Destination:            product_r_reg[0]/CE
  Path Group:             (none)
  Path Type:              Min at Fast Process Corner
  Data Path Delay:        0.577ns  (logic 0.186ns (32.253%)  route 0.391ns (67.747%))
  Logic Levels:           2  (FDRE=1 LUT2=1)

    Location             Delay type                Incr(ns)  Path(ns)    Netlist Resource(s)
  -------------------------------------------------------------------    -------------------
    SLICE_X1Y130         FDRE                         0.000     0.000 r  mult_begin_d_reg/C
    SLICE_X1Y130         FDRE (Prop_fdre_C_Q)         0.141     0.141 f  mult_begin_d_reg/Q
                         net (fo=1, routed)           0.135     0.276    mult_begin_d
    SLICE_X1Y130         LUT2 (Prop_lut2_I1_O)        0.045     0.321 r  product_r[63]_i_1/O
                         net (fo=65, routed)          0.256     0.577    mult_start
    SLICE_X0Y135         FDRE                                         r  product_r_reg[0]/CE
  -------------------------------------------------------------------    -------------------

Slack:                    inf
  Source:                 mult_begin_d_reg/C
                            (rising edge-triggered cell FDRE)
  Destination:            product_r_reg[7]/CE
  Path Group:             (none)
  Path Type:              Min at Fast Process Corner
  Data Path Delay:        0.581ns  (logic 0.186ns (31.988%)  route 0.395ns (68.012%))
  Logic Levels:           2  (FDRE=1 LUT2=1)

    Location             Delay type                Incr(ns)  Path(ns)    Netlist Resource(s)
  -------------------------------------------------------------------    -------------------
    SLICE_X1Y130         FDRE                         0.000     0.000 r  mult_begin_d_reg/C
    SLICE_X1Y130         FDRE (Prop_fdre_C_Q)         0.141     0.141 f  mult_begin_d_reg/Q
                         net (fo=1, routed)           0.135     0.276    mult_begin_d
    SLICE_X1Y130         LUT2 (Prop_lut2_I1_O)        0.045     0.321 r  product_r[63]_i_1/O
                         net (fo=65, routed)          0.261     0.581    mult_start
    SLICE_X5Y128         FDRE                                         r  product_r_reg[7]/CE
  -------------------------------------------------------------------    -------------------

Slack:                    inf
  Source:                 mult_begin
                            (input port)
  Destination:            mult_begin_d_reg/D
  Path Group:             (none)
  Path Type:              Min at Fast Process Corner
  Data Path Delay:        0.634ns  (logic 0.187ns (29.592%)  route 0.446ns (70.408%))
  Logic Levels:           1  (IBUF=1)

    Location             Delay type                Incr(ns)  Path(ns)    Netlist Resource(s)
  -------------------------------------------------------------------    -------------------
    M20                                               0.000     0.000 r  mult_begin (IN)
                         net (fo=0)                   0.000     0.000    mult_begin
    M20                  IBUF (Prop_ibuf_I_O)         0.187     0.187 r  mult_begin_IBUF_inst/O
                         net (fo=2, routed)           0.446     0.634    mult_begin_IBUF
    SLICE_X1Y130         FDRE                                         r  mult_begin_d_reg/D
  -------------------------------------------------------------------    -------------------

Slack:                    inf
  Source:                 mult_begin_d_reg/C
                            (rising edge-triggered cell FDRE)
  Destination:            product_r_reg[4]/CE
  Path Group:             (none)
  Path Type:              Min at Fast Process Corner
  Data Path Delay:        0.686ns  (logic 0.186ns (27.122%)  route 0.500ns (72.878%))
  Logic Levels:           2  (FDRE=1 LUT2=1)

    Location             Delay type                Incr(ns)  Path(ns)    Netlist Resource(s)
  -------------------------------------------------------------------    -------------------
    SLICE_X1Y130         FDRE                         0.000     0.000 r  mult_begin_d_reg/C
    SLICE_X1Y130         FDRE (Prop_fdre_C_Q)         0.141     0.141 f  mult_begin_d_reg/Q
                         net (fo=1, routed)           0.135     0.276    mult_begin_d
    SLICE_X1Y130         LUT2 (Prop_lut2_I1_O)        0.045     0.321 r  product_r[63]_i_1/O
                         net (fo=65, routed)          0.365     0.686    mult_start
    SLICE_X1Y124         FDRE                                         r  product_r_reg[4]/CE
  -------------------------------------------------------------------    -------------------

Slack:                    inf
  Source:                 mult_begin_d_reg/C
                            (rising edge-triggered cell FDRE)
  Destination:            product_r_reg[5]/CE
  Path Group:             (none)
  Path Type:              Min at Fast Process Corner
  Data Path Delay:        0.686ns  (logic 0.186ns (27.122%)  route 0.500ns (72.878%))
  Logic Levels:           2  (FDRE=1 LUT2=1)

    Location             Delay type                Incr(ns)  Path(ns)    Netlist Resource(s)
  -------------------------------------------------------------------    -------------------
    SLICE_X1Y130         FDRE                         0.000     0.000 r  mult_begin_d_reg/C
    SLICE_X1Y130         FDRE (Prop_fdre_C_Q)         0.141     0.141 f  mult_begin_d_reg/Q
                         net (fo=1, routed)           0.135     0.276    mult_begin_d
    SLICE_X1Y130         LUT2 (Prop_lut2_I1_O)        0.045     0.321 r  product_r[63]_i_1/O
                         net (fo=65, routed)          0.365     0.686    mult_start
    SLICE_X1Y124         FDRE                                         r  product_r_reg[5]/CE
  -------------------------------------------------------------------    -------------------

Slack:                    inf
  Source:                 mult_begin_d_reg/C
                            (rising edge-triggered cell FDRE)
  Destination:            product_r_reg[6]/CE
  Path Group:             (none)
  Path Type:              Min at Fast Process Corner
  Data Path Delay:        0.686ns  (logic 0.186ns (27.122%)  route 0.500ns (72.878%))
  Logic Levels:           2  (FDRE=1 LUT2=1)

    Location             Delay type                Incr(ns)  Path(ns)    Netlist Resource(s)
  -------------------------------------------------------------------    -------------------
    SLICE_X1Y130         FDRE                         0.000     0.000 r  mult_begin_d_reg/C
    SLICE_X1Y130         FDRE (Prop_fdre_C_Q)         0.141     0.141 f  mult_begin_d_reg/Q
                         net (fo=1, routed)           0.135     0.276    mult_begin_d
    SLICE_X1Y130         LUT2 (Prop_lut2_I1_O)        0.045     0.321 r  product_r[63]_i_1/O
                         net (fo=65, routed)          0.365     0.686    mult_start
    SLICE_X1Y124         FDRE                                         r  product_r_reg[6]/CE
  -------------------------------------------------------------------    -------------------

Slack:                    inf
  Source:                 mult_begin_d_reg/C
                            (rising edge-triggered cell FDRE)
  Destination:            mult_end_r_reg/D
  Path Group:             (none)
  Path Type:              Min at Fast Process Corner
  Data Path Delay:        0.776ns  (logic 0.186ns (23.971%)  route 0.590ns (76.029%))
  Logic Levels:           2  (FDRE=1 LUT2=1)

    Location             Delay type                Incr(ns)  Path(ns)    Netlist Resource(s)
  -------------------------------------------------------------------    -------------------
    SLICE_X1Y130         FDRE                         0.000     0.000 r  mult_begin_d_reg/C
    SLICE_X1Y130         FDRE (Prop_fdre_C_Q)         0.141     0.141 f  mult_begin_d_reg/Q
                         net (fo=1, routed)           0.135     0.276    mult_begin_d
    SLICE_X1Y130         LUT2 (Prop_lut2_I1_O)        0.045     0.321 r  product_r[63]_i_1/O
                         net (fo=65, routed)          0.455     0.776    mult_start
    SLICE_X0Y144         FDRE                                         r  mult_end_r_reg/D
  -------------------------------------------------------------------    -------------------





